<?xml version="1.0" encoding="UTF-8"?>
<testsuite name="com.foodnow.tests.UsingCartNegativeTest" tests="3" skipped="0" failures="0" errors="0" timestamp="2025-01-25T20:54:13" hostname="DELLSMALL" time="16.57">
  <properties/>
  <testcase name="addProductToCartByUnloggedUserTest" classname="com.foodnow.tests.UsingCartNegativeTest" time="0.202"/>
  <testcase name="usingCartByUnloggedUserTest" classname="com.foodnow.tests.UsingCartNegativeTest" time="0.32"/>
  <testcase name="usingEmptyCartByLoggedUserTest" classname="com.foodnow.tests.UsingCartNegativeTest" time="3.465"/>
  <system-out><![CDATA[]]></system-out>
  <system-err><![CDATA[Jan 25, 2025 9:54:09 PM org.openqa.selenium.manager.SeleniumManager lambda$runCommand$1
WARNING: The chromedriver version (131.0.6778.69) detected in PATH at C:\Tools\chromedriver.exe might not be compatible with the detected chrome version (132.0.6834.111); currently, chromedriver 132.0.6834.110 is recommended for chrome 132.*, so it is advised to delete the driver in PATH and retry
Jan 25, 2025 9:54:11 PM org.openqa.selenium.devtools.CdpVersionFinder findNearestMatch
WARNING: Unable to find an exact match for CDP version 132, returning the closest version; found: 131; Please update to a Selenium version that supports CDP version 132
Jan 25, 2025 9:54:11 PM org.openqa.selenium.manager.SeleniumManager lambda$runCommand$1
WARNING: The chromedriver version (131.0.6778.69) detected in PATH at C:\Tools\chromedriver.exe might not be compatible with the detected chrome version (132.0.6834.111); currently, chromedriver 132.0.6834.110 is recommended for chrome 132.*, so it is advised to delete the driver in PATH and retry
Jan 25, 2025 9:54:12 PM org.openqa.selenium.devtools.CdpVersionFinder findNearestMatch
WARNING: Unable to find an exact match for CDP version 132, returning the closest version; found: 131; Please update to a Selenium version that supports CDP version 132
Jan 25, 2025 9:54:14 PM org.openqa.selenium.manager.SeleniumManager lambda$runCommand$1
WARNING: The chromedriver version (131.0.6778.69) detected in PATH at C:\Tools\chromedriver.exe might not be compatible with the detected chrome version (132.0.6834.111); currently, chromedriver 132.0.6834.110 is recommended for chrome 132.*, so it is advised to delete the driver in PATH and retry
Jan 25, 2025 9:54:16 PM org.openqa.selenium.devtools.CdpVersionFinder findNearestMatch
WARNING: Unable to find an exact match for CDP version 132, returning the closest version; found: 131; Please update to a Selenium version that supports CDP version 132
Jan 25, 2025 9:54:17 PM org.openqa.selenium.manager.SeleniumManager lambda$runCommand$1
WARNING: The chromedriver version (131.0.6778.69) detected in PATH at C:\Tools\chromedriver.exe might not be compatible with the detected chrome version (132.0.6834.111); currently, chromedriver 132.0.6834.110 is recommended for chrome 132.*, so it is advised to delete the driver in PATH and retry
Jan 25, 2025 9:54:18 PM org.openqa.selenium.devtools.CdpVersionFinder findNearestMatch
WARNING: Unable to find an exact match for CDP version 132, returning the closest version; found: 131; Please update to a Selenium version that supports CDP version 132
Jan 25, 2025 9:54:21 PM org.openqa.selenium.manager.SeleniumManager lambda$runCommand$1
WARNING: The chromedriver version (131.0.6778.69) detected in PATH at C:\Tools\chromedriver.exe might not be compatible with the detected chrome version (132.0.6834.111); currently, chromedriver 132.0.6834.110 is recommended for chrome 132.*, so it is advised to delete the driver in PATH and retry
Jan 25, 2025 9:54:22 PM org.openqa.selenium.devtools.CdpVersionFinder findNearestMatch
WARNING: Unable to find an exact match for CDP version 132, returning the closest version; found: 131; Please update to a Selenium version that supports CDP version 132
Jan 25, 2025 9:54:23 PM org.openqa.selenium.manager.SeleniumManager lambda$runCommand$1
WARNING: The chromedriver version (131.0.6778.69) detected in PATH at C:\Tools\chromedriver.exe might not be compatible with the detected chrome version (132.0.6834.111); currently, chromedriver 132.0.6834.110 is recommended for chrome 132.*, so it is advised to delete the driver in PATH and retry
Jan 25, 2025 9:54:25 PM org.openqa.selenium.devtools.CdpVersionFinder findNearestMatch
WARNING: Unable to find an exact match for CDP version 132, returning the closest version; found: 131; Please update to a Selenium version that supports CDP version 132
]]></system-err>
</testsuite>
